{
  "stats": {
    "suites": 2,
    "tests": 3,
    "passes": 3,
    "pending": 0,
    "failures": 0,
    "start": "2023-02-04T15:06:08.676Z",
    "end": "2023-02-04T15:06:12.166Z",
    "duration": 3490,
    "testsRegistered": 3,
    "passPercent": 100,
    "pendingPercent": 0,
    "other": 0,
    "hasOther": false,
    "skipped": 0,
    "hasSkipped": false
  },
  "results": [
    {
      "uuid": "9aee3c12-295e-4ba1-836b-a3c321f9b349",
      "title": "",
      "fullFile": "",
      "file": "",
      "beforeHooks": [],
      "afterHooks": [],
      "tests": [],
      "suites": [
        {
          "uuid": "ea869d24-847c-482d-8951-87f0633153a6",
          "title": "Create token",
          "fullFile": "/Users/grelly.londo_gue/Documents/Grelly's/Learn/QA/restful-booker-api-test/tests/scenarios/create-token.test.js",
          "file": "/tests/scenarios/create-token.test.js",
          "beforeHooks": [],
          "afterHooks": [],
          "tests": [
            {
              "title": "Should successfully returns a token",
              "fullTitle": "Create token Should successfully returns a token",
              "timedOut": false,
              "duration": 1442,
              "state": "passed",
              "speed": "slow",
              "pass": true,
              "fail": false,
              "pending": false,
              "context": null,
              "code": "const response = await authApi.createToken(data.VALID_AUTH)\nassert.equal(response.status, 200)\nexpect(response.data).to.be.jsonSchema(schema.VALID_AUT_RESPONSE_SCHEMA)",
              "err": {},
              "uuid": "ddcc2a43-b23e-4613-85b1-5d1a7cc54134",
              "parentUUID": "ea869d24-847c-482d-8951-87f0633153a6",
              "isHook": false,
              "skipped": false
            },
            {
              "title": "Should returns bad credentials message",
              "fullTitle": "Create token Should returns bad credentials message",
              "timedOut": false,
              "duration": 909,
              "state": "passed",
              "speed": "slow",
              "pass": true,
              "fail": false,
              "pending": false,
              "context": null,
              "code": "const response = await authApi.createToken(data.INVALID_AUTH)\nassert.equal(response.status, 200)\nassert.equal(response.data.reason, \"Bad credentials\")\nexpect(response.data).to.be.jsonSchema(schema.INVALID_AUTH_RESPONSE_SCHEMA)",
              "err": {},
              "uuid": "63240c6b-e6fd-43b4-8214-b4b9e593aada",
              "parentUUID": "ea869d24-847c-482d-8951-87f0633153a6",
              "isHook": false,
              "skipped": false
            }
          ],
          "suites": [],
          "passes": [
            "ddcc2a43-b23e-4613-85b1-5d1a7cc54134",
            "63240c6b-e6fd-43b4-8214-b4b9e593aada"
          ],
          "failures": [],
          "pending": [],
          "skipped": [],
          "duration": 2351,
          "root": false,
          "rootEmpty": false,
          "_timeout": 2000
        },
        {
          "uuid": "bb15c27d-a1be-40a5-80b6-10558e31467f",
          "title": "Health check",
          "fullFile": "/Users/grelly.londo_gue/Documents/Grelly's/Learn/QA/restful-booker-api-test/tests/scenarios/health-check.test.js",
          "file": "/tests/scenarios/health-check.test.js",
          "beforeHooks": [],
          "afterHooks": [],
          "tests": [
            {
              "title": "Should return status 201 created",
              "fullTitle": "Health check Should return status 201 created",
              "timedOut": false,
              "duration": 1128,
              "state": "passed",
              "speed": "slow",
              "pass": true,
              "fail": false,
              "pending": false,
              "context": null,
              "code": "const response = await pingApi.healthCheck()\nassert.equal(response.status, 201)\nassert.equal(response.data, \"Created\")",
              "err": {},
              "uuid": "a38d9e88-7b1f-4fe1-966d-80eeb9794358",
              "parentUUID": "bb15c27d-a1be-40a5-80b6-10558e31467f",
              "isHook": false,
              "skipped": false
            }
          ],
          "suites": [],
          "passes": [
            "a38d9e88-7b1f-4fe1-966d-80eeb9794358"
          ],
          "failures": [],
          "pending": [],
          "skipped": [],
          "duration": 1128,
          "root": false,
          "rootEmpty": false,
          "_timeout": 2000
        }
      ],
      "passes": [],
      "failures": [],
      "pending": [],
      "skipped": [],
      "duration": 0,
      "root": true,
      "rootEmpty": true,
      "_timeout": 2000
    }
  ],
  "meta": {
    "mocha": {
      "version": "10.2.0"
    },
    "mochawesome": {
      "options": {
        "quiet": false,
        "reportFilename": "mochawesome",
        "saveHtml": true,
        "saveJson": true,
        "consoleReporter": "spec",
        "useInlineDiffs": false,
        "code": true
      },
      "version": "7.1.3"
    },
    "marge": {
      "options": null,
      "version": "6.2.0"
    }
  }
}