{
  "stats": {
    "suites": 1,
    "tests": 1,
    "passes": 1,
    "pending": 0,
    "failures": 0,
    "start": "2023-02-04T12:33:47.189Z",
    "end": "2023-02-04T12:33:48.707Z",
    "duration": 1518,
    "testsRegistered": 1,
    "passPercent": 100,
    "pendingPercent": 0,
    "other": 0,
    "hasOther": false,
    "skipped": 0,
    "hasSkipped": false
  },
  "results": [
    {
      "uuid": "8cb650bc-9cfe-4240-8ae7-9173b308c839",
      "title": "",
      "fullFile": "/Users/grelly.londo_gue/Documents/Grelly's/Learn/QA/restful-booker-api-test/tests/scenarios/create-token.test.js",
      "file": "/tests/scenarios/create-token.test.js",
      "beforeHooks": [],
      "afterHooks": [],
      "tests": [],
      "suites": [
        {
          "uuid": "83c001c9-e3cc-48ce-9d4e-289da1e3d604",
          "title": "Create token",
          "fullFile": "/Users/grelly.londo_gue/Documents/Grelly's/Learn/QA/restful-booker-api-test/tests/scenarios/create-token.test.js",
          "file": "/tests/scenarios/create-token.test.js",
          "beforeHooks": [],
          "afterHooks": [],
          "tests": [
            {
              "title": "Should successfully returns a token",
              "fullTitle": "Create token Should successfully returns a token",
              "timedOut": false,
              "duration": 1510,
              "state": "passed",
              "speed": "slow",
              "pass": true,
              "fail": false,
              "pending": false,
              "context": null,
              "code": "const response = await authApi.createToken(data.VALID_AUTH)\nassert.equal(response.status, 200)\nexpect(response.data).to.be.jsonSchema(schema.VALID_RESPONSE_SCHEMA)",
              "err": {},
              "uuid": "420fa35d-3656-4546-85f0-1413ed033eff",
              "parentUUID": "83c001c9-e3cc-48ce-9d4e-289da1e3d604",
              "isHook": false,
              "skipped": false
            }
          ],
          "suites": [],
          "passes": [
            "420fa35d-3656-4546-85f0-1413ed033eff"
          ],
          "failures": [],
          "pending": [],
          "skipped": [],
          "duration": 1510,
          "root": false,
          "rootEmpty": false,
          "_timeout": 2000
        }
      ],
      "passes": [],
      "failures": [],
      "pending": [],
      "skipped": [],
      "duration": 0,
      "root": true,
      "rootEmpty": true,
      "_timeout": 2000
    }
  ],
  "meta": {
    "mocha": {
      "version": "10.2.0"
    },
    "mochawesome": {
      "options": {
        "quiet": false,
        "reportFilename": "mochawesome",
        "saveHtml": true,
        "saveJson": true,
        "consoleReporter": "spec",
        "useInlineDiffs": false,
        "code": true
      },
      "version": "7.1.3"
    },
    "marge": {
      "options": null,
      "version": "6.2.0"
    }
  }
}